c:\users\dr.emmanuelrekeraho\source\repos\project1\project1\debug\vc143.pdb
c:\users\dr.emmanuelrekeraho\source\repos\project1\project1\debug\vc143.idb
c:\users\dr.emmanuelrekeraho\source\repos\project1\project1\debug\pixie.obj
c:\users\dr.emmanuelrekeraho\source\repos\project1\project1\debug\gamefunctions.obj
c:\users\dr.emmanuelrekeraho\source\repos\project1\project1\debug\main.obj
c:\users\dr.emmanuelrekeraho\source\repos\project1\project1\debug\alienarmy.obj
c:\users\dr.emmanuelrekeraho\source\repos\project1\debug\project1.exe
c:\users\dr.emmanuelrekeraho\source\repos\project1\debug\project1.pdb
c:\users\dr.emmanuelrekeraho\source\repos\project1\project1\debug\project1.ilk
c:\users\dr.emmanuelrekeraho\source\repos\project1\project1\debug\classes.obj
c:\users\dr.emmanuelrekeraho\source\repos\project1\project1\debug\functions.obj
c:\users\dr.emmanuelrekeraho\source\repos\project1\project1\debug\game.obj
c:\users\dr.emmanuelrekeraho\source\repos\project1\project1\debug\alien attack.pdb
c:\users\dr.emmanuelrekeraho\source\repos\project1\project1\debug\project1.tlog\cl.command.1.tlog
c:\users\dr.emmanuelrekeraho\source\repos\project1\project1\debug\project1.tlog\cl.items.tlog
c:\users\dr.emmanuelrekeraho\source\repos\project1\project1\debug\project1.tlog\cl.read.1.tlog
c:\users\dr.emmanuelrekeraho\source\repos\project1\project1\debug\project1.tlog\cl.write.1.tlog
c:\users\dr.emmanuelrekeraho\source\repos\project1\project1\debug\project1.tlog\link.command.1.tlog
c:\users\dr.emmanuelrekeraho\source\repos\project1\project1\debug\project1.tlog\link.read.1.tlog
c:\users\dr.emmanuelrekeraho\source\repos\project1\project1\debug\project1.tlog\link.secondary.1.tlog
c:\users\dr.emmanuelrekeraho\source\repos\project1\project1\debug\project1.tlog\link.write.1.tlog
