  AlienArmy.cpp
C:\Users\dr.emmanuelrekeraho\source\repos\Project1\Project1\header.h(20,10): warning C4067: unexpected tokens following preprocessor directive - expected a newline
  (compiling source file 'AlienArmy.cpp')
  
C:\Users\dr.emmanuelrekeraho\source\repos\Project1\Project1\header.h(43,33): warning C4244: 'initializing': conversion from 'float' to 'int', possible loss of data
  (compiling source file 'AlienArmy.cpp')
  
C:\Users\dr.emmanuelrekeraho\source\repos\Project1\Project1\AlienArmy.cpp(30,17): warning C4244: 'initializing': conversion from 'int' to 'float', possible loss of data
C:\Users\dr.emmanuelrekeraho\source\repos\Project1\Project1\AlienArmy.cpp(194,27): warning C4018: '<': signed/unsigned mismatch
  main.cpp
C:\Users\dr.emmanuelrekeraho\source\repos\Project1\Project1\header.h(20,10): warning C4067: unexpected tokens following preprocessor directive - expected a newline
  (compiling source file 'main.cpp')
  
C:\Users\dr.emmanuelrekeraho\source\repos\Project1\Project1\header.h(43,33): warning C4244: 'initializing': conversion from 'float' to 'int', possible loss of data
  (compiling source file 'main.cpp')
  
  Functions.cpp
C:\Users\dr.emmanuelrekeraho\source\repos\Project1\Project1\header.h(20,10): warning C4067: unexpected tokens following preprocessor directive - expected a newline
  (compiling source file 'Functions.cpp')
  
C:\Users\dr.emmanuelrekeraho\source\repos\Project1\Project1\header.h(43,33): warning C4244: 'initializing': conversion from 'float' to 'int', possible loss of data
  (compiling source file 'Functions.cpp')
  
  Pixie.cpp
C:\Users\dr.emmanuelrekeraho\source\repos\Project1\Project1\header.h(20,10): warning C4067: unexpected tokens following preprocessor directive - expected a newline
  (compiling source file 'Pixie.cpp')
  
C:\Users\dr.emmanuelrekeraho\source\repos\Project1\Project1\header.h(43,33): warning C4244: 'initializing': conversion from 'float' to 'int', possible loss of data
  (compiling source file 'Pixie.cpp')
  
  Generating code
  4 of 220 functions ( 1.8%) were compiled, the rest were copied from previous compilation.
    0 functions were new in current compilation
    0 functions had inline decision re-evaluated but remain unchanged
  Finished generating code
  Project1.vcxproj -> C:\Users\dr.emmanuelrekeraho\source\repos\Project1\Release\Project1.exe
